# JRE version: Java(TM) SE Runtime Environment (8.0_112-b15) (build 1.8.0_112-b15)
# Java VM: Java HotSpot(TM) 64-Bit Server VM (25.112-b15 mixed mode windows-amd64 compressed oops)
Heap:
 PSYoungGen      total 47104K, used 38708K [0x00000007bc400000, 0x00000007c0000000, 0x00000007c0000000)
  eden space 34816K, 82% used [0x00000007bc400000,0x00000007bdfefbb8,0x00000007be600000)
  from space 12288K, 82% used [0x00000007bf400000,0x00000007bfddd488,0x00000007c0000000)
  to   space 13312K, 0% used [0x00000007be600000,0x00000007be600000,0x00000007bf300000)
 ParOldGen       total 186368K, used 83704K [0x0000000700000000, 0x000000070b600000, 0x00000007bc400000)
  object space 186368K, 44% used [0x0000000700000000,0x00000007051be2d8,0x000000070b600000)
 Metaspace       used 74763K, capacity 75493K, committed 76288K, reserved 1114112K
  class space    used 10484K, capacity 10625K, committed 10752K, reserved 1048576K
GC Heap History (10 events):
Event: 6803.870 GC heap before
{Heap before GC invocations=251 (full 13):
 PSYoungGen      total 50688K, used 46173K [0x00000007bc400000, 0x00000007c0000000, 0x00000007c0000000)
  eden space 39936K, 100% used [0x00000007bc400000,0x00000007beb00000,0x00000007beb00000)
  from space 10752K, 58% used [0x00000007beb00000,0x00000007bf117520,0x00000007bf580000)
  to   space 10752K, 0% used [0x00000007bf580000,0x00000007bf580000,0x00000007c0000000)
 ParOldGen       total 186368K, used 83502K [0x0000000700000000, 0x000000070b600000, 0x00000007bc400000)
  object space 186368K, 44% used [0x0000000700000000,0x000000070518b948,0x000000070b600000)
 Metaspace       used 74543K, capacity 75213K, committed 76032K, reserved 1114112K
  class space    used 10470K, capacity 10621K, committed 10752K, reserved 1048576K
Event: 6803.876 GC heap after
Heap after GC invocations=251 (full 13):
 PSYoungGen      total 50688K, used 6173K [0x00000007bc400000, 0x00000007c0000000, 0x00000007c0000000)
  eden space 39936K, 0% used [0x00000007bc400000,0x00000007bc400000,0x00000007beb00000)
  from space 10752K, 57% used [0x00000007bf580000,0x00000007bfb87520,0x00000007c0000000)
  to   space 10752K, 0% used [0x00000007beb00000,0x00000007beb00000,0x00000007bf580000)
 ParOldGen       total 186368K, used 83534K [0x0000000700000000, 0x000000070b600000, 0x00000007bc400000)
  object space 186368K, 44% used [0x0000000700000000,0x0000000705193948,0x000000070b600000)
 Metaspace       used 74543K, capacity 75213K, committed 76032K, reserved 1114112K
  class space    used 10470K, capacity 10621K, committed 10752K, reserved 1048576K
}
Event: 6814.675 GC heap before
{Heap before GC invocations=252 (full 13):
 PSYoungGen      total 50688K, used 46109K [0x00000007bc400000, 0x00000007c0000000, 0x00000007c0000000)
  eden space 39936K, 100% used [0x00000007bc400000,0x00000007beb00000,0x00000007beb00000)
  from space 10752K, 57% used [0x00000007bf580000,0x00000007bfb87520,0x00000007c0000000)
  to   space 10752K, 0% used [0x00000007beb00000,0x00000007beb00000,0x00000007bf580000)
 ParOldGen       total 186368K, used 83534K [0x0000000700000000, 0x000000070b600000, 0x00000007bc400000)
  object space 186368K, 44% used [0x0000000700000000,0x0000000705193948,0x000000070b600000)
 Metaspace       used 74645K, capacity 75365K, committed 76288K, reserved 1114112K
  class space    used 10484K, capacity 10625K, committed 10752K, reserved 1048576K
Event: 6814.682 GC heap after
Heap after GC invocations=252 (full 13):
 PSYoungGen      total 50688K, used 6293K [0x00000007bc400000, 0x00000007c0000000, 0x00000007c0000000)
  eden space 39936K, 0% used [0x00000007bc400000,0x00000007bc400000,0x00000007beb00000)
  from space 10752K, 58% used [0x00000007beb00000,0x00000007bf125478,0x00000007bf580000)
  to   space 10752K, 0% used [0x00000007bf580000,0x00000007bf580000,0x00000007c0000000)
 ParOldGen       total 186368K, used 83576K [0x0000000700000000, 0x000000070b600000, 0x00000007bc400000)
  object space 186368K, 44% used [0x0000000700000000,0x000000070519e2d8,0x000000070b600000)
 Metaspace       used 74645K, capacity 75365K, committed 76288K, reserved 1114112K
  class space    used 10484K, capacity 10625K, committed 10752K, reserved 1048576K
}
Event: 6815.349 GC heap before
{Heap before GC invocations=253 (full 13):
 PSYoungGen      total 50688K, used 46229K [0x00000007bc400000, 0x00000007c0000000, 0x00000007c0000000)
  eden space 39936K, 100% used [0x00000007bc400000,0x00000007beb00000,0x00000007beb00000)
  from space 10752K, 58% used [0x00000007beb00000,0x00000007bf125478,0x00000007bf580000)
  to   space 10752K, 0% used [0x00000007bf580000,0x00000007bf580000,0x00000007c0000000)
 ParOldGen       total 186368K, used 83576K [0x0000000700000000, 0x000000070b600000, 0x00000007bc400000)
  object space 186368K, 44% used [0x0000000700000000,0x000000070519e2d8,0x000000070b600000)
 Metaspace       used 74696K, capacity 75365K, committed 76288K, reserved 1114112K
  class space    used 10484K, capacity 10625K, committed 10752K, reserved 1048576K
Event: 6815.355 GC heap after
Heap after GC invocations=253 (full 13):
 PSYoungGen      total 49664K, used 8039K [0x00000007bc400000, 0x00000007c0000000, 0x00000007c0000000)
  eden space 38912K, 0% used [0x00000007bc400000,0x00000007bc400000,0x00000007bea00000)
  from space 10752K, 74% used [0x00000007bf580000,0x00000007bfd59fd8,0x00000007c0000000)
  to   space 11264K, 0% used [0x00000007bea00000,0x00000007bea00000,0x00000007bf500000)
 ParOldGen       total 186368K, used 83624K [0x0000000700000000, 0x000000070b600000, 0x00000007bc400000)
  object space 186368K, 44% used [0x0000000700000000,0x00000007051aa2d8,0x000000070b600000)
 Metaspace       used 74696K, capacity 75365K, committed 76288K, reserved 1114112K
  class space    used 10484K, capacity 10625K, committed 10752K, reserved 1048576K
}
Event: 6815.868 GC heap before
{Heap before GC invocations=254 (full 13):
 PSYoungGen      total 49664K, used 46951K [0x00000007bc400000, 0x00000007c0000000, 0x00000007c0000000)
  eden space 38912K, 100% used [0x00000007bc400000,0x00000007bea00000,0x00000007bea00000)
  from space 10752K, 74% used [0x00000007bf580000,0x00000007bfd59fd8,0x00000007c0000000)
  to   space 11264K, 0% used [0x00000007bea00000,0x00000007bea00000,0x00000007bf500000)
 ParOldGen       total 186368K, used 83624K [0x0000000700000000, 0x000000070b600000, 0x00000007bc400000)
  object space 186368K, 44% used [0x0000000700000000,0x00000007051aa2d8,0x000000070b600000)
 Metaspace       used 74748K, capacity 75429K, committed 76288K, reserved 1114112K
  class space    used 10484K, capacity 10625K, committed 10752K, reserved 1048576K
Event: 6815.874 GC heap after
Heap after GC invocations=254 (full 13):
 PSYoungGen      total 48128K, used 9479K [0x00000007bc400000, 0x00000007c0000000, 0x00000007c0000000)
  eden space 38400K, 0% used [0x00000007bc400000,0x00000007bc400000,0x00000007be980000)
  from space 9728K, 97% used [0x00000007bea00000,0x00000007bf341fb8,0x00000007bf380000)
  to   space 12288K, 0% used [0x00000007bf400000,0x00000007bf400000,0x00000007c0000000)
 ParOldGen       total 186368K, used 83624K [0x0000000700000000, 0x000000070b600000, 0x00000007bc400000)
  object space 186368K, 44% used [0x0000000700000000,0x00000007051aa2d8,0x000000070b600000)
 Metaspace       used 74748K, capacity 75429K, committed 76288K, reserved 1114112K
  class space    used 10484K, capacity 10625K, committed 10752K, reserved 1048576K
}
Event: 6817.593 GC heap before
{Heap before GC invocations=255 (full 13):
 PSYoungGen      total 48128K, used 47879K [0x00000007bc400000, 0x00000007c0000000, 0x00000007c0000000)
  eden space 38400K, 100% used [0x00000007bc400000,0x00000007be980000,0x00000007be980000)
  from space 9728K, 97% used [0x00000007bea00000,0x00000007bf341fb8,0x00000007bf380000)
  to   space 12288K, 0% used [0x00000007bf400000,0x00000007bf400000,0x00000007c0000000)
 ParOldGen       total 186368K, used 83624K [0x0000000700000000, 0x000000070b600000, 0x00000007bc400000)
  object space 186368K, 44% used [0x0000000700000000,0x00000007051aa2d8,0x000000070b600000)
 Metaspace       used 74754K, capacity 75493K, committed 76288K, reserved 1114112K
  class space    used 10484K, capacity 10625K, committed 10752K, reserved 1048576K
Event: 6817.600 GC heap after
Heap after GC invocations=255 (full 13):
 PSYoungGen      total 47104K, used 10101K [0x00000007bc400000, 0x00000007c0000000, 0x00000007c0000000)
  eden space 34816K, 0% used [0x00000007bc400000,0x00000007bc400000,0x00000007be600000)
  from space 12288K, 82% used [0x00000007bf400000,0x00000007bfddd488,0x00000007c0000000)
  to   space 13312K, 0% used [0x00000007be600000,0x00000007be600000,0x00000007bf300000)
 ParOldGen       total 186368K, used 83704K [0x0000000700000000, 0x000000070b600000, 0x00000007bc400000)
  object space 186368K, 44% used [0x0000000700000000,0x00000007051be2d8,0x000000070b600000)
 Metaspace       used 74754K, capacity 75493K, committed 76288K, reserved 1114112K
  class space    used 10484K, capacity 10625K, committed 10752K, reserved 1048576K
}

